{
  "RSpec": {
    "coverage": {
      "/home/ubuntu/workspace/Trinity-Health/app/controllers/cases_controller.rb": [
        1,
        null,
        1,
        0,
        null,
        null,
        null,
        1,
        1,
        null,
        null,
        1,
        1,
        null,
        null,
        1,
        null,
        null,
        1,
        0,
        0,
        0,
        0,
        null,
        0,
        null,
        null,
        null,
        1,
        null,
        null,
        1,
        0,
        null,
        null,
        1,
        null,
        null,
        null
      ],
      "/home/ubuntu/workspace/Trinity-Health/app/controllers/application_controller.rb": [
        1,
        null,
        null,
        1,
        null
      ],
      "/home/ubuntu/workspace/Trinity-Health/app/models/case.rb": [
        1,
        null
      ]
    },
    "timestamp": 1457753874
  },
  "Cucumber Features": {
    "coverage": {
      "/home/ubuntu/workspace/Trinity-Health/app/controllers/cases_controller.rb": [
        1,
        null,
        1,
        1,
        null,
        null,
        null,
        1,
        3,
        null,
        null,
        1,
        1,
        null,
        null,
        1,
        null,
        null,
        1,
        1,
        1,
        1,
        1,
        null,
        0,
        null,
        null,
        null,
        1,
        null,
        null,
        1,
        2,
        null,
        null,
        1,
        null,
        null,
        null
      ],
      "/home/ubuntu/workspace/Trinity-Health/app/controllers/application_controller.rb": [
        1,
        null,
        null,
        1,
        null
      ],
      "/home/ubuntu/workspace/Trinity-Health/app/helpers/application_helper.rb": [
        1,
        null
      ],
      "/home/ubuntu/workspace/Trinity-Health/app/helpers/cases_helper.rb": [
        1,
        null
      ],
      "/home/ubuntu/workspace/Trinity-Health/app/models/case.rb": [
        1,
        null
      ]
    },
    "timestamp": 1457753926
  }
}
